<?xml version="1.0" encoding="UTF-8"?>
<testng-results ignored="0" total="2" passed="2" failed="0" skipped="0">
  <reporter-output>
  </reporter-output>
  <suite started-at="2024-04-19T16:08:01 BDT" name="Surefire suite" finished-at="2024-04-19T16:09:10 BDT" duration-ms="69851">
    <groups>
    </groups>
    <test started-at="2024-04-19T16:08:01 BDT" name="Surefire test" finished-at="2024-04-19T16:09:10 BDT" duration-ms="69851">
      <class name="com.example.nopcommerce.RegistrationTest">
        <test-method is-config="true" signature="setup()[pri:0, instance:com.example.nopcommerce.RegistrationTest@57c758ac]" started-at="2024-04-19T16:08:03 BDT" name="setup" finished-at="2024-04-19T16:08:05 BDT" duration-ms="2011" status="PASS">
          <reporter-output>
          </reporter-output>
        </test-method> <!-- setup -->
        <test-method signature="userRegistrationTest()[pri:0, instance:com.example.nopcommerce.RegistrationTest@57c758ac]" started-at="2024-04-19T16:09:04 BDT" name="userRegistrationTest" finished-at="2024-04-19T16:09:10 BDT" duration-ms="6888" status="PASS">
          <reporter-output>
          </reporter-output>
        </test-method> <!-- userRegistrationTest -->
      </class> <!-- com.example.nopcommerce.RegistrationTest -->
      <class name="com.example.nopcommerce.OrderTest">
        <test-method is-config="true" signature="setup()[pri:0, instance:com.example.nopcommerce.OrderTest@6e4784bc]" started-at="2024-04-19T16:08:01 BDT" name="setup" finished-at="2024-04-19T16:08:03 BDT" duration-ms="2688" status="PASS">
          <reporter-output>
          </reporter-output>
        </test-method> <!-- setup -->
        <test-method signature="userRegistrationTest()[pri:0, instance:com.example.nopcommerce.OrderTest@6e4784bc]" started-at="2024-04-19T16:08:05 BDT" name="userRegistrationTest" finished-at="2024-04-19T16:09:04 BDT" duration-ms="58246" status="PASS">
          <reporter-output>
          </reporter-output>
        </test-method> <!-- userRegistrationTest -->
      </class> <!-- com.example.nopcommerce.OrderTest -->
    </test> <!-- Surefire test -->
  </suite> <!-- Surefire suite -->
</testng-results>
